<?xml version="1.0" encoding="UTF-8"?>
<!-- Generated by org.testng.reporters.JUnitReportReporter -->
<testsuite hostname="LAPTOP-AUE2HLHR" failures="1" tests="3" name="TestRunner.run" time="18.816" errors="0" timestamp="2024-05-26T13:38:42 IST" skipped="0">
  <testcase classname="TestRunner.run" name="runScenario" time="3.451">
    <failure type="java.lang.AssertionError">
      <![CDATA[java.lang.AssertionError
at org.junit.Assert.fail(Assert.java:86)
at org.junit.Assert.assertTrue(Assert.java:41)
at org.junit.Assert.assertTrue(Assert.java:52)
at StepDefination.stepdef.page_title_should_be(stepdef.java:148)
at âœ½.Page Title should be "Dashboard / nopCommerce administration"(file:///A:/eclipsCucumber_workspace/firstProject_bdd/./Features/loginfeature.feature:20)
]]>
    </failure>
  </testcase> <!-- runScenario -->
  <testcase classname="TestRunner.run" name="runScenario" time="7.838"/>
  <testcase classname="TestRunner.run" name="runScenario" time="7.527"/>
</testsuite> <!-- TestRunner.run -->
